<?xml version="1.0" encoding="UTF-8"?>
<!-- Generated by org.testng.reporters.JUnitReportReporter -->
<testsuite hostname="Balko_PC" name="cz.mendelu.swi.eprieskumy.dao.OdpovedDaoTest" tests="3" failures="0" timestamp="19 Jun 2017 20:04:44 GMT" time="1.890" errors="0">
  <testcase name="testFindById" time="0.516" classname="cz.mendelu.swi.eprieskumy.dao.OdpovedDaoTest"/>
  <testcase name="testFindByUzivatelDotaznik" time="0.777" classname="cz.mendelu.swi.eprieskumy.dao.OdpovedDaoTest"/>
  <testcase name="testSave" time="0.597" classname="cz.mendelu.swi.eprieskumy.dao.OdpovedDaoTest"/>
</testsuite> <!-- cz.mendelu.swi.eprieskumy.dao.OdpovedDaoTest -->
