<?xml version="1.0" encoding="UTF-8"?>
<!-- Generated by org.testng.reporters.JUnitReportReporter -->
<testsuite hostname="Balko_PC" name="cz.mendelu.swi.eprieskumy.dao.DotaznikDaoTest" tests="1" failures="0" timestamp="19 Jun 2017 20:04:44 GMT" time="1.316" errors="0">
  <testcase name="testSave" time="1.316" classname="cz.mendelu.swi.eprieskumy.dao.DotaznikDaoTest"/>
</testsuite> <!-- cz.mendelu.swi.eprieskumy.dao.DotaznikDaoTest -->
