<?xml version="1.0" encoding="UTF-8"?>
<!-- Generated by org.testng.reporters.JUnitReportReporter -->
<testsuite hostname="Balko_PC" name="cz.mendelu.swi.eprieskumy.dao.UzivatelDaoTest" tests="2" failures="0" timestamp="19 Jun 2017 20:04:44 GMT" time="1.096" errors="0">
  <testcase name="testSetRole" time="0.570" classname="cz.mendelu.swi.eprieskumy.dao.UzivatelDaoTest"/>
  <testcase name="testSave" time="0.526" classname="cz.mendelu.swi.eprieskumy.dao.UzivatelDaoTest"/>
</testsuite> <!-- cz.mendelu.swi.eprieskumy.dao.UzivatelDaoTest -->
