<?xml version="1.0" encoding="UTF-8"?>
<!-- Generated by org.testng.reporters.JUnitReportReporter -->
<testsuite hostname="Balko_PC" name="cz.mendelu.pef.swi.service.services.DotaznikServiceTest" tests="2" failures="0" timestamp="19 Jun 2017 20:05:29 GMT" time="0.595" errors="0">
  <testcase name="testFindAll" time="0.304" classname="cz.mendelu.pef.swi.service.services.DotaznikServiceTest"/>
  <testcase name="testFindById" time="0.291" classname="cz.mendelu.pef.swi.service.services.DotaznikServiceTest"/>
</testsuite> <!-- cz.mendelu.pef.swi.service.services.DotaznikServiceTest -->
