<?xml version="1.0" encoding="UTF-8"?>
<!-- Generated by org.testng.reporters.JUnitReportReporter -->
<testsuite hostname="Balko_PC" name="cz.mendelu.pef.swi.service.facade.DotaznikFacadeTest" tests="2" failures="0" timestamp="19 Jun 2017 20:05:29 GMT" time="1.009" errors="0">
  <testcase name="testGetTrainerByIdFacade" time="0.660" classname="cz.mendelu.pef.swi.service.facade.DotaznikFacadeTest"/>
  <testcase name="testFindAllTrainersFacade" time="0.349" classname="cz.mendelu.pef.swi.service.facade.DotaznikFacadeTest"/>
</testsuite> <!-- cz.mendelu.pef.swi.service.facade.DotaznikFacadeTest -->
