<?xml version="1.0" encoding="UTF-8"?>
<!-- Generated by org.testng.reporters.JUnitReportReporter -->
<testsuite hostname="Balko_PC" name="cz.mendelu.pef.swi.service.facade.DotaznikFacadeTest" tests="2" failures="0" timestamp="19 Jun 2017 18:30:50 GMT" time="11.804" errors="0">
  <testcase name="testFindAllTrainersFacade" time="0.358" classname="cz.mendelu.pef.swi.service.facade.DotaznikFacadeTest"/>
  <testcase name="testGetTrainerByIdFacade" time="11.446" classname="cz.mendelu.pef.swi.service.facade.DotaznikFacadeTest"/>
</testsuite> <!-- cz.mendelu.pef.swi.service.facade.DotaznikFacadeTest -->
