<?xml version="1.0" encoding="UTF-8"?>
<!-- Generated by org.testng.reporters.JUnitReportReporter -->
<testsuite hostname="Balko_PC" name="cz.mendelu.pef.swi.service.services.DotaznikServiceTest" tests="2" failures="0" timestamp="19 Jun 2017 18:30:50 GMT" time="0.839" errors="0">
  <testcase name="testFindAll" time="0.290" classname="cz.mendelu.pef.swi.service.services.DotaznikServiceTest"/>
  <testcase name="testFindById" time="0.549" classname="cz.mendelu.pef.swi.service.services.DotaznikServiceTest"/>
</testsuite> <!-- cz.mendelu.pef.swi.service.services.DotaznikServiceTest -->
